<?xml version="1.0" encoding="UTF-8" ?>
<testsuite tests="7" failures="0" name="videoService.PremiumUserAccountTest" time="3.156" errors="0" skipped="0">
  <properties>
    <property name="java.runtime.name" value="Java(TM) SE Runtime Environment"/>
    <property name="sun.boot.library.path" value="c:\Program Files\Java\jdk1.8.0_45\jre\bin"/>
    <property name="java.vm.version" value="25.45-b02"/>
    <property name="java.vm.vendor" value="Oracle Corporation"/>
    <property name="maven.multiModuleProjectDirectory" value="x:\Trainings\OvertestME\my-first-repository\Lesson 4\VideoStreamingService"/>
    <property name="java.vendor.url" value="http://java.oracle.com/"/>
    <property name="path.separator" value=";"/>
    <property name="guice.disable.misplaced.annotation.check" value="true"/>
    <property name="java.vm.name" value="Java HotSpot(TM) 64-Bit Server VM"/>
    <property name="file.encoding.pkg" value="sun.io"/>
    <property name="user.script" value=""/>
    <property name="user.country" value="US"/>
    <property name="sun.java.launcher" value="SUN_STANDARD"/>
    <property name="sun.os.patch.level" value=""/>
    <property name="java.vm.specification.name" value="Java Virtual Machine Specification"/>
    <property name="user.dir" value="x:\Trainings\OvertestME\my-first-repository\Lesson 4\VideoStreamingService"/>
    <property name="java.runtime.version" value="1.8.0_45-b15"/>
    <property name="java.awt.graphicsenv" value="sun.awt.Win32GraphicsEnvironment"/>
    <property name="java.endorsed.dirs" value="c:\Program Files\Java\jdk1.8.0_45\jre\lib\endorsed"/>
    <property name="os.arch" value="amd64"/>
    <property name="java.io.tmpdir" value="C:\Users\VICMAS~1\AppData\Local\Temp\"/>
    <property name="line.separator" value="
"/>
    <property name="java.vm.specification.vendor" value="Oracle Corporation"/>
    <property name="user.variant" value=""/>
    <property name="os.name" value="Windows 8.1"/>
    <property name="classworlds.conf" value="c:\Program Files\Apache Software Foundation\apache-maven-3.3.9\bin\..\bin\m2.conf"/>
    <property name="sun.jnu.encoding" value="Cp1252"/>
    <property name="java.library.path" value="c:\Program Files\Java\jdk1.8.0_45\bin;C:\WINDOWS\Sun\Java\bin;C:\WINDOWS\system32;C:\WINDOWS;C:\Program Files (x86)\Common Files\Intel\Shared Files\cpp\bin\Intel64;C:\ProgramData\Oracle\Java\javapath;C:\WINDOWS\system32;C:\WINDOWS;C:\WINDOWS\System32\Wbem;C:\WINDOWS\System32\WindowsPowerShell\v1.0\;C:\Program Files (x86)\Common Files\Acronis\SnapAPI\;c:\Python34\;c:\Program Files\Apache Software Foundation\apache-maven-3.3.9\bin\;c:\Program Files (x86)\Android\android-sdk\tools\;c:\Program Files (x86)\Android\android-sdk\platform-tools\;c:\Program Files (x86)\Android\android-sdk\build-tools\;C:\Program Files (x86)\Intel\OpenCL SDK\2.0\bin\x86;C:\Program Files (x86)\Intel\OpenCL SDK\2.0\bin\x64;C:\Program Files (x86)\Windows Kits\8.1\Windows Performance Toolkit\;C:\Program Files\Microsoft SQL Server\110\Tools\Binn\;C:\Program Files (x86)\Skype\Phone\;c:\apache-ant-1.9.6\bin\;C:\Program Files\nodejs\;C:\Program Files\Git\cmd;C:\Program Files (x86)\Intel\OpenCL SDK\2.0\bin\x86;C:\Program Files (x86)\Intel\OpenCL SDK\2.0\bin\x64;C:\Users\vicmaster\AppData\Roaming\npm;%USERPROFILE%\AppData\Local\Microsoft\WindowsApps;;."/>
    <property name="java.specification.name" value="Java Platform API Specification"/>
    <property name="java.class.version" value="52.0"/>
    <property name="sun.management.compiler" value="HotSpot 64-Bit Tiered Compilers"/>
    <property name="os.version" value="6.3"/>
    <property name="user.home" value="C:\Users\vicmaster"/>
    <property name="user.timezone" value="Europe/Helsinki"/>
    <property name="java.awt.printerjob" value="sun.awt.windows.WPrinterJob"/>
    <property name="java.specification.version" value="1.8"/>
    <property name="file.encoding" value="Cp1252"/>
    <property name="user.name" value="vicmaster"/>
    <property name="java.class.path" value="c:\Program Files\Apache Software Foundation\apache-maven-3.3.9\bin\..\boot\plexus-classworlds-2.5.2.jar"/>
    <property name="java.vm.specification.version" value="1.8"/>
    <property name="sun.arch.data.model" value="64"/>
    <property name="java.home" value="c:\Program Files\Java\jdk1.8.0_45\jre"/>
    <property name="sun.java.command" value="org.codehaus.plexus.classworlds.launcher.Launcher clean test"/>
    <property name="java.specification.vendor" value="Oracle Corporation"/>
    <property name="user.language" value="en"/>
    <property name="awt.toolkit" value="sun.awt.windows.WToolkit"/>
    <property name="java.vm.info" value="mixed mode"/>
    <property name="java.version" value="1.8.0_45"/>
    <property name="java.ext.dirs" value="c:\Program Files\Java\jdk1.8.0_45\jre\lib\ext;C:\WINDOWS\Sun\Java\lib\ext"/>
    <property name="sun.boot.class.path" value="c:\Program Files\Java\jdk1.8.0_45\jre\lib\resources.jar;c:\Program Files\Java\jdk1.8.0_45\jre\lib\rt.jar;c:\Program Files\Java\jdk1.8.0_45\jre\lib\sunrsasign.jar;c:\Program Files\Java\jdk1.8.0_45\jre\lib\jsse.jar;c:\Program Files\Java\jdk1.8.0_45\jre\lib\jce.jar;c:\Program Files\Java\jdk1.8.0_45\jre\lib\charsets.jar;c:\Program Files\Java\jdk1.8.0_45\jre\lib\jfr.jar;c:\Program Files\Java\jdk1.8.0_45\jre\classes"/>
    <property name="sun.stderr.encoding" value="cp437"/>
    <property name="java.vendor" value="Oracle Corporation"/>
    <property name="maven.home" value="c:\Program Files\Apache Software Foundation\apache-maven-3.3.9\bin\.."/>
    <property name="file.separator" value="\"/>
    <property name="java.vendor.url.bug" value="http://bugreport.sun.com/bugreport/"/>
    <property name="sun.cpu.endian" value="little"/>
    <property name="sun.io.unicode.encoding" value="UnicodeLittle"/>
    <property name="sun.stdout.encoding" value="cp437"/>
    <property name="sun.desktop" value="windows"/>
    <property name="sun.cpu.isalist" value="amd64"/>
  </properties>
  <testcase classname="videoService.PremiumUserAccountTest" name="testThatPremiumAccountCanAddBookmark" time="0.13"/>
  <testcase classname="videoService.PremiumUserAccountTest" name="testThatPremiumAccountCanRemoveBookmark" time="0.535"/>
  <testcase classname="videoService.PremiumUserAccountTest" name="testThatPremiumAccountCanPlayHD" time="0.379"/>
  <testcase classname="videoService.PremiumUserAccountTest" name="testThatUserCannotPlayMovieWithAgeRestriction" time="0.88"/>
  <testcase classname="videoService.PremiumUserAccountTest" name="testThatUserCanStopMovie" time="0.397"/>
  <testcase classname="videoService.PremiumUserAccountTest" name="testThatUserCanPlayMovie" time="0.416"/>
  <testcase classname="videoService.PremiumUserAccountTest" name="testThatNotUploadedMovieCannotBePlayed" time="0.419"/>
</testsuite>